SF:/Users/stefansoc/Development/abyssion/lib/gl/animation/calculations/calculateBloomEffect.ts
FN:4,calculateBloomEffect
FNDA:10,calculateBloomEffect
FNF:1
FNH:1
BRDA:12,1,0,3
BRDA:14,1,1,7
BRF:2
BRH:2
DA:4,1
DA:5,1
DA:6,1
DA:7,1
DA:8,1
DA:9,1
DA:10,1
DA:12,11
DA:13,14
DA:14,14
DA:16,18
DA:17,1
LH:12
LF:12
end_of_record
SF:/Users/stefansoc/Development/abyssion/lib/gl/animation/calculations/calculateChromaGlitchEffect.ts
FN:5,calculateChromaGlitchEffect
FNDA:31007,calculateChromaGlitchEffect
FNF:1
FNH:1
BRDA:16,1,0,30001
BRDA:22,1,1,1006
BRDA:25,1,2,5
BRDA:36,1,3,1001
BRDA:39,1,4,0
BRDA:45,1,5,1001
BRF:6
BRH:5
DA:5,1
DA:6,1
DA:7,1
DA:8,1
DA:16,31008
DA:17,61009
DA:18,61009
DA:19,61009
DA:20,61009
DA:21,61009
DA:22,61009
DA:25,31008
DA:26,31013
DA:27,31013
DA:30,31013
DA:31,31013
DA:32,31013
DA:33,31013
DA:34,31013
DA:35,31013
DA:36,31013
DA:39,0
DA:40,0
DA:41,0
DA:42,0
DA:43,0
DA:44,0
DA:45,0
DA:47,32009
DA:48,32009
DA:49,32009
DA:50,32009
DA:51,32009
DA:52,1
LH:27
LF:34
end_of_record
SF:/Users/stefansoc/Development/abyssion/lib/gl/animation/calculations/calculateMouseRotation.ts
FN:5,calculateMouseRotation
FNDA:9,calculateMouseRotation
FNF:1
FNH:1
BRF:0
BRH:0
DA:5,1
DA:6,1
DA:7,1
DA:8,1
DA:9,1
DA:10,10
DA:11,10
DA:12,1
LH:8
LF:8
end_of_record
SF:/Users/stefansoc/Development/abyssion/lib/gl/animation/calculations/calculateRandomLayerPosition.ts
FN:6,calculateRandomLayerPosition
FNDA:33,calculateRandomLayerPosition
FNF:1
FNH:1
BRF:0
BRH:0
DA:6,1
DA:7,1
DA:8,1
DA:9,1
DA:10,1
DA:12,34
DA:13,34
DA:14,34
DA:16,34
DA:17,34
DA:18,34
DA:20,34
DA:21,34
DA:22,34
DA:23,34
DA:24,34
DA:25,34
DA:26,34
DA:27,1
LH:19
LF:19
end_of_record
SF:/Users/stefansoc/Development/abyssion/lib/gl/animation/calculations/calculateRegenerationTiming.ts
FN:6,getRandomInterval
FN:11,calculateRegenerationTiming
FNDA:13,getRandomInterval
FNDA:16,calculateRegenerationTiming
FNF:2
FNH:2
BRDA:20,2,0,13
BRDA:20,2,1,3
BRF:2
BRH:2
DA:1,1
DA:6,1
DA:11,1
DA:12,1
DA:13,1
DA:14,1
DA:16,17
DA:18,17
DA:19,17
DA:20,17
DA:21,17
DA:22,1
LH:12
LF:12
end_of_record
SF:/Users/stefansoc/Development/abyssion/lib/gl/animation/calculations/calculateRotationInterpolation.ts
FN:4,calculateRotationInterpolation
FNDA:16,calculateRotationInterpolation
FNF:1
FNH:1
BRF:0
BRH:0
DA:4,1
DA:5,1
DA:6,1
DA:7,1
DA:8,1
LH:5
LF:5
end_of_record
SF:/Users/stefansoc/Development/abyssion/lib/gl/animation/calculations/calculateShaderTime.ts
FN:4,calculateShaderTime
FNDA:8,calculateShaderTime
FNF:1
FNH:1
BRDA:14,1,0,1
BRDA:16,1,1,7
BRDA:18,1,2,3
BRDA:18,1,3,2
BRDA:18,1,4,1
BRDA:23,1,5,6
BRF:6
BRH:6
DA:4,1
DA:5,1
DA:6,1
DA:7,1
DA:8,1
DA:9,1
DA:11,9
DA:12,9
DA:14,9
DA:15,40
DA:16,10
DA:18,9
DA:19,10
DA:20,10
DA:21,10
DA:22,10
DA:23,10
DA:25,15
DA:26,15
DA:27,15
DA:28,15
DA:29,1
LH:22
LF:22
end_of_record
SF:/Users/stefansoc/Development/abyssion/lib/gl/animation/calculations/calculateStaticLayerPosition.ts
FN:15,calculateStaticLayerPosition
FNDA:38,calculateStaticLayerPosition
FNF:1
FNH:1
BRDA:23,1,0,14
BRDA:31,1,1,24
BRF:2
BRH:2
DA:15,1
DA:16,1
DA:17,1
DA:18,1
DA:19,1
DA:21,39
DA:23,39
DA:24,53
DA:25,53
DA:26,53
DA:27,53
DA:28,53
DA:29,53
DA:30,53
DA:31,53
DA:33,63
DA:34,63
DA:35,63
DA:36,63
DA:37,63
DA:38,63
DA:39,63
DA:40,1
LH:23
LF:23
end_of_record
SF:/Users/stefansoc/Development/abyssion/lib/gl/animation/core/addBehavior.ts
FN:7,addBehavior
FNDA:17,addBehavior
FNF:1
FNH:1
BRF:0
BRH:0
DA:7,1
DA:8,1
DA:9,1
DA:10,1
DA:11,18
DA:12,54
DA:13,1
LH:7
LF:7
end_of_record
SF:/Users/stefansoc/Development/abyssion/lib/gl/animation/core/createAnimationEngine.ts
FN:7,createAnimationEngine
FNDA:44,createAnimationEngine
FNF:1
FNH:1
BRF:0
BRH:0
DA:7,4
DA:8,4
DA:9,4
DA:10,4
DA:11,48
DA:12,48
DA:13,48
DA:14,48
DA:15,48
DA:16,4
LH:10
LF:10
end_of_record
SF:/Users/stefansoc/Development/abyssion/lib/gl/animation/core/removeBehavior.ts
FN:7,removeBehavior
FNDA:17,removeBehavior
FNF:1
FNH:1
BRF:0
BRH:0
DA:7,1
DA:8,1
DA:9,1
DA:10,1
DA:11,18
DA:12,18
DA:13,1
LH:7
LF:7
end_of_record
SF:/Users/stefansoc/Development/abyssion/lib/gl/animation/core/updateAnimationEngine.ts
FN:7,updateAnimationEngine
FNDA:9,updateAnimationEngine
FNF:1
FNH:1
BRF:0
BRH:0
DA:7,1
DA:8,1
DA:9,1
DA:11,10
DA:12,10
DA:13,10
DA:16,10
DA:17,10
DA:18,10
DA:19,10
DA:20,10
DA:21,10
DA:22,1
LH:13
LF:13
end_of_record
SF:/Users/stefansoc/Development/abyssion/lib/gl/animation/utils/getRandomInterval.ts
FN:7,getRandomInterval
FNDA:1223,getRandomInterval
FNF:1
FNH:1
BRF:0
BRH:0
DA:1,1
DA:7,1
DA:8,1
DA:9,1
DA:10,1
LH:5
LF:5
end_of_record
SF:/Users/stefansoc/Development/abyssion/lib/gl/animation/utils/interpolationUtils.ts
FN:4,lerp
FN:9,easeOut
FN:14,easeInOut
FN:19,smoothRotationInterpolation
FNDA:18,lerp
FNDA:24,easeOut
FNDA:38,easeInOut
FNDA:2,smoothRotationInterpolation
FNF:4
FNH:4
BRDA:14,3,0,17
BRDA:14,3,1,21
BRF:2
BRH:2
DA:4,1
DA:9,1
DA:14,1
DA:19,1
DA:20,1
DA:21,1
DA:22,1
DA:23,1
LH:8
LF:8
end_of_record
SF:/Users/stefansoc/Development/abyssion/lib/gl/animation/utils/smoothRotationInterpolation.ts
FN:5,smoothRotationInterpolation
FNDA:51,smoothRotationInterpolation
FNF:1
FNH:1
BRF:0
BRH:0
DA:5,1
DA:6,1
DA:7,1
DA:8,1
DA:9,1
LH:5
LF:5
end_of_record
SF:/Users/stefansoc/Development/abyssion/lib/gl/animation/utils/timeUtils.ts
FN:6,getRandomInterval
FN:14,getSafeModulatedTime
FN:22,shouldUpdateForFps
FNDA:3,getRandomInterval
FNDA:3,getSafeModulatedTime
FNDA:3,shouldUpdateForFps
FNF:3
FNH:3
BRF:0
BRH:0
DA:1,1
DA:6,1
DA:7,1
DA:8,1
DA:9,1
DA:14,1
DA:15,1
DA:16,1
DA:17,1
DA:22,1
DA:23,1
DA:24,1
DA:25,1
DA:27,4
DA:28,4
DA:29,4
DA:30,1
LH:17
LF:17
end_of_record
